[20:37:42.920] [INFO] Storybook Upgrade - v10.0.2
[20:37:42.994] [INFO] detect-projects-spinner-start: Detecting projects...
[20:37:42.996] [DEBUG] Finding Storybook projects...
[20:37:55.501] [DEBUG] Found 1 Storybook projects
[20:37:55.527] [INFO] detect-projects-spinner: Detecting projects: 1 projects
[20:37:55.527] [DEBUG] Getting Storybook data...
[20:37:55.527] [DEBUG] Getting Storybook info...
[20:37:55.534] [DEBUG] Loading main config...
[20:37:56.136] [DEBUG] Getting stories paths...
[20:37:56.200] [DEBUG] Getting package manager...
[20:37:56.528] [DEBUG] Getting Storybook version...
[20:37:56.529] [DEBUG] D:/repositories/loom/.storybook - Validating before version... 9.1.5
[20:37:56.529] [DEBUG] D:/repositories/loom/.storybook - Validating upgrade compatibility...
[20:37:56.529] [DEBUG] D:/repositories/loom/.storybook - Fetching NPM version information...
[20:37:56.529] [DEBUG] Getting CLI versions from NPM for storybook...
[20:37:56.538] [DEBUG] Getting CLI versions from NPM for storybook@next...
[20:37:58.655] [DEBUG] D:/repositories/loom/.storybook - Evaluating blockers...
[20:37:58.704] [DEBUG] Getting installed version for @storybook/experimental-addon-test...
[20:38:00.153] [INFO] detect-projects-spinner-stop: 1 project detected
[20:38:00.154] [DEBUG] Found 1 valid projects and 0 error projects
[20:38:00.155] [INFO] Upgrading from 9.1.5 to 10.0.2
[20:38:00.207] [INFO] upgrade-dependencies-task-start: Fetching versions to update package.json files..
[20:38:00.207] [DEBUG] Updating dependencies in D:/repositories/loom/.storybook...
[20:38:00.253] [INFO] upgrade-dependencies-task: D:/repositories/loom/package.json
[20:38:00.255] [DEBUG] {
  "upgradedDependencies": []
}
[20:38:00.255] [DEBUG] {
  "upgradedDevDependencies": [
    "@storybook/addon-docs@^10.0.2",
    "@storybook/addon-themes@^10.0.2",
    "@storybook/nextjs@^10.0.2"
  ]
}
[20:38:00.255] [DEBUG] {
  "upgradedPeerDependencies": []
}
[20:38:00.256] [DEBUG] Getting CLI versions from NPM for @storybook/addon-docs...
[20:38:06.209] [DEBUG] Getting CLI versions from NPM for @storybook/addon-themes...
[20:38:08.269] [DEBUG] Getting CLI versions from NPM for @storybook/nextjs...
[20:38:09.811] [INFO] upgrade-dependencies-task-success: Updated package versions in package.json files
[20:38:09.812] [INFO] detect-automigrations-task-start: Detecting automigrations...
[20:38:09.812] [DEBUG] Starting automigration collection across 1 projects and 18 fixes...
[20:38:09.866] [INFO] detect-automigrations-task: Checking automigrations for D:/repositories/loom/.storybook...
[20:38:09.867] [DEBUG] Processing project: D:/repositories/loom/.storybook
[20:38:09.867] [DEBUG] Checking fix eslintPlugin for project D:/repositories/loom/.storybook...
[20:38:09.868] [DEBUG] Checking fix addon-mdx-gfm-remove for project D:/repositories/loom/.storybook...
[20:38:09.869] [DEBUG] Checking fix addon-storysource-code-panel for project D:/repositories/loom/.storybook...
[20:38:09.869] [DEBUG] Checking fix upgrade-storybook-related-dependencies for project D:/repositories/loom/.storybook...
[20:38:09.869] [DEBUG] Checking for incompatible storybook packages...
[20:38:09.869] [DEBUG] Checking fix initial-globals for project D:/repositories/loom/.storybook...
[20:38:09.893] [DEBUG] Checking fix addon-globals-api for project D:/repositories/loom/.storybook...
[20:38:09.899] [DEBUG] Checking fix addon-a11y-addon-test for project D:/repositories/loom/.storybook...
[20:38:09.899] [DEBUG] Checking fix consolidated-imports for project D:/repositories/loom/.storybook...
[20:38:09.900] [DEBUG] Checking fix addon-experimental-test for project D:/repositories/loom/.storybook...
[20:38:09.900] [DEBUG] Using cached installed version for @storybook/experimental-addon-test...
[20:38:09.901] [DEBUG] Checking fix rnstorybook-config for project D:/repositories/loom/.storybook...
[20:38:09.901] [DEBUG] Checking fix migrate-addon-console for project D:/repositories/loom/.storybook...
[20:38:09.901] [DEBUG] Checking fix remove-addon-interactions for project D:/repositories/loom/.storybook...
[20:38:09.901] [DEBUG] Checking fix renderer-to-framework for project D:/repositories/loom/.storybook...
[20:38:09.902] [DEBUG] Checking fix remove-essential-addons for project D:/repositories/loom/.storybook...
[20:38:09.903] [DEBUG] Checking fix addon-a11y-parameters for project D:/repositories/loom/.storybook...
[20:38:09.903] [DEBUG] Checking fix remove-docs-autodocs for project D:/repositories/loom/.storybook...
[20:38:09.908] [DEBUG] Checking fix wrap-getAbsolutePath for project D:/repositories/loom/.storybook...
[20:38:09.912] [DEBUG] Checking fix fix-faux-esm-require for project D:/repositories/loom/.storybook...
[20:38:09.959] [INFO] detect-automigrations-task: 
Automigrations detected:
[20:38:10.007] [INFO] detect-automigrations-task: ✔ eslintPlugin
[20:38:10.007] [INFO] detect-automigrations-task-success: 1 automigration(s) detected
[20:38:29.414] [PROMPT] Select automigrations to run {"choice":["eslintPlugin"]}
[20:38:29.415] [INFO] automigrate-D:/repositories/loom/.storybook-task-start: Running automigrations for D:/repositories/loom/.storybook
[20:38:29.415] [DEBUG] Adding dependencies: eslint-plugin-storybook@10.0.2
[20:38:29.415] [DEBUG] Getting CLI versions from NPM for eslint-plugin-storybook...
[20:38:30.611] [DEBUG] Detected flat config at D:\repositories\loom\eslint.config.mjs
[20:38:30.673] [INFO] automigrate-D:/repositories/loom/.storybook-task: ✔ eslintPlugin
[20:38:30.673] [INFO] automigrate-D:/repositories/loom/.storybook-task-success: Completed automigrations for D:/repositories/loom/.storybook
[20:38:30.674] [INFO] Installing dependencies...
[20:38:30.675] [INFO] install-dependencies-task-start: Installing dependencies...
[20:38:58.486] [INFO] added 5 packages, removed 21 packages, changed 24 packages, and audited 904 packages in 28s
[20:38:58.587] [INFO] install-dependencies-task: added 5 packages, removed 21 packages, changed 24 packages, and audited 904
packages in 28s
[20:38:58.588] [INFO] 215 packages are looking for funding
  run `npm fund` for details

found 0 vulnerabilities
[20:38:58.653] [INFO] install-dependencies-task: 215 packages are looking for funding
run `npm fund` for details

found 0 vulnerabilities
[20:38:58.654] [INFO] Dependencies installed
[20:38:58.654] [INFO] install-dependencies-task-success: Dependencies installed
[20:38:58.656] [INFO] Checking the health of your project(s)..
[20:39:02.587] [WARN] D:/repositories/loom/.storybook: 1 issue found
[20:39:02.641] [INFO] The "storybook" package was not found in your package.json.
Installing "storybook" as a direct dev dependency in your package.json is required.
[20:39:02.641] [INFO] Missing Storybook Dependency
[20:39:02.694] [INFO] The "storybook" package was not found in your package.json.
Installing "storybook" as a direct dev dependency in your package.json is required.
[20:39:02.748] [INFO] Storybook doctor is complete!
[20:39:02.800] [INFO] You can always recheck the health of your project(s) by running:
npx storybook doctor
[20:39:02.853] [INFO] The upgrade is complete!
[20:39:02.903] [INFO] Your project(s) have been upgraded successfully, but some issues were found which need your attention, please check Storybook doctor logs above.
[20:39:03.002] [INFO] If you want to learn more about the automigrations that executed in your project(s), please check the following links:

• eslintPlugin
[20:39:03.050] [INFO] For a full list of changes, please check our migration guide: https://storybook.js.org/docs/releases/migration-guide?ref=upgrade